#
# A fatal error has been detected by the Java Runtime Environment:
#
#  SIGSEGV (0xb) at pc=0x0000000102422d8c, pid=77328, tid=18691
#
# JRE version: Java(TM) SE Runtime Environment (8.0_20-b26) (build 1.8.0_20-b26)
# Java VM: Java HotSpot(TM) 64-Bit Server VM (25.20-b23 mixed mode bsd-amd64 compressed oops)
# Problematic frame:
# V  [libjvm.dylib+0x422d8c]
#
# Failed to write core dump. Core dumps have been disabled. To enable core dumping, try "ulimit -c unlimited" before starting Java again
#
# If you would like to submit a bug report, please visit:
#   http://bugreport.sun.com/bugreport/crash.jsp
#

---------------  T H R E A D  ---------------

Current thread (0x00007fa548006800):  JavaThread "JDWP Transport Listener: dt_socket" daemon [_thread_in_vm, id=18691, stack(0x000000011bb14000,0x000000011bc14000)]

siginfo: si_signo: 11 (SIGSEGV), si_code: 0 (unknown), si_addr: 0x0000000000000000

Registers:
RAX=0x0000000000000001, RBX=0x000000011bc13a8b, RCX=0x00000001027d5c80, RDX=0x000000011bc13a8b
RSP=0x000000011bc139d0, RBP=0x000000011bc139e0, RSI=0x00007fa548006800, RDI=0x0002000000000000
R8 =0x0000000000000000, R9 =0x00007fa543e00000, R10=0x0000000000000010, R11=0x00007fa543e00000
R12=0x00007fa548006800, R13=0x0002000000000000, R14=0x0002000000000000, R15=0x00007fa546100ad0
RIP=0x0000000102422d8c, EFLAGS=0x0000000000010206, ERR=0x0000000000000000
  TRAPNO=0x000000000000000d

Top of Stack: (sp=0x000000011bc139d0)
0x000000011bc139d0:   000000011bc13a8b 000000011bc13a8b
0x000000011bc139e0:   000000011bc13a40 0000000102334ec2
0x000000011bc139f0:   00007fa548006800 0000000000000000
0x000000011bc13a00:   0000000000000000 0000000000000000
0x000000011bc13a10:   00007fa548006800 00007fa548006800
0x000000011bc13a20:   000000011bc13a8b 000000011bc13a90
0x000000011bc13a30:   0002000000000000 0000000000000003
0x000000011bc13a40:   000000011bc13a60 00000001030727dc
0x000000011bc13a50:   0000000000000001 000000011bc13b08
0x000000011bc13a60:   000000011bc13ad0 0000000103057263
0x000000011bc13a70:   000000011bc13aa0 00007fa543e08a50
0x000000011bc13a80:   0000000600000032 f000100a01c13b08
0x000000011bc13a90:   0000000000000000 0000000000000000
0x000000011bc13aa0:   0000000000000000 000000011bc13c90
0x000000011bc13ab0:   0000000103079eca 00007fa543e084a0
0x000000011bc13ac0:   000000011bc13b08 0000000103085588
0x000000011bc13ad0:   000000011bc13ae0 000000010305735c
0x000000011bc13ae0:   000000011bc13d00 00000001030608f6
0x000000011bc13af0:   000d175300000013 00000000000f0200
0x000000011bc13b00:   00007fa543e0bd20 000000011bc13c83
0x000000011bc13b10:   00007fa500000001 000000011bc13b20
0x000000011bc13b20:   00007fa50000012b 000000011bc13b58
0x000000011bc13b30:   0000000000000000 00007f0000000000
0x000000011bc13b40:   000d175300000136 00007fff00005f80
0x000000011bc13b50:   000000011bc13b58 a57f000006000000
0x000000011bc13b60:   0d00000030273146 6e246164626d616c
0x000000011bc13b70:   00000031246c6c75 642f6d6f634c2834
0x000000011bc13b80:   746479732f647367 6e6172742f706972
0x000000011bc13b90:   2f72656d726f6673 2f676e6974756f72
0x000000011bc13ba0:   64452f6870617267 0000005a293b6567
0x000000011bc13bb0:   7f00000a1000f000 000000c065c343a5
0x000000011bc13bc0:   0068637261657306 616a4c2928120000 

Instructions: (pc=0x0000000102422d8c)
0x0000000102422d6c:   40 48 48 85 c0 75 e0 30 c0 0f b6 c0 5d c3 31 c0
0x0000000102422d7c:   5d c3 55 48 89 e5 53 48 83 ec 08 48 85 ff 74 24
0x0000000102422d8c:   48 8b 1f 48 85 db 74 1c 48 83 fb 37 74 16 48 8b
0x0000000102422d9c:   03 48 89 df ff 50 10 84 c0 b8 00 00 00 00 48 0f 

Register to memory mapping:

RAX=0x0000000000000001 is an unknown value
RBX=0x000000011bc13a8b is pointing into the stack for thread: 0x00007fa548006800
RCX=0x00000001027d5c80: UseMembar+0 in /Library/Java/JavaVirtualMachines/jdk1.8.0_20.jdk/Contents/Home/jre/lib/server/libjvm.dylib at 0x0000000102000000
RDX=0x000000011bc13a8b is pointing into the stack for thread: 0x00007fa548006800
RSP=0x000000011bc139d0 is pointing into the stack for thread: 0x00007fa548006800
RBP=0x000000011bc139e0 is pointing into the stack for thread: 0x00007fa548006800
RSI=0x00007fa548006800 is a thread
RDI=0x0002000000000000 is an unknown value
R8 =0x0000000000000000 is an unknown value
R9 =0x00007fa543e00000 is an unknown value
R10=0x0000000000000010 is an unknown value
R11=0x00007fa543e00000 is an unknown value
R12=0x00007fa548006800 is a thread
R13=0x0002000000000000 is an unknown value
R14=0x0002000000000000 is an unknown value
R15=0x00007fa546100ad0 is an unknown value


Stack: [0x000000011bb14000,0x000000011bc14000],  sp=0x000000011bc139d0,  free space=1022k
Native frames: (J=compiled Java code, j=interpreted, Vv=VM code, C=native code)
V  [libjvm.dylib+0x422d8c]
V  [libjvm.dylib+0x334ec2]
C  [libjdwp.dylib+0x207dc]  isMethodSynthetic+0x63
C  [libjdwp.dylib+0x5263]  methods1+0x10b
C  [libjdwp.dylib+0x535c]  methodsWithGeneric+0xe
C  [libjdwp.dylib+0xe8f6]  debugLoop_run+0x1ce
C  [libjdwp.dylib+0x1f716]  attachThread+0x4d
V  [libjvm.dylib+0x375f22]
V  [libjvm.dylib+0x535a51]
V  [libjvm.dylib+0x537194]
V  [libjvm.dylib+0x45d35a]
C  [libsystem_pthread.dylib+0x3268]  _pthread_body+0x83
C  [libsystem_pthread.dylib+0x31e5]  _pthread_body+0x0
C  [libsystem_pthread.dylib+0x141d]  thread_start+0xd
C  0x0000000000000000


---------------  P R O C E S S  ---------------

Java Threads: ( => current thread )
  0x00007fa5448ab800 JavaThread "Service Thread" daemon [_thread_blocked, id=22275, stack(0x000000011c3c2000,0x000000011c4c2000)]
  0x00007fa544883000 JavaThread "C1 CompilerThread3" daemon [_thread_blocked, id=21763, stack(0x000000011c2bf000,0x000000011c3bf000)]
  0x00007fa544882000 JavaThread "C2 CompilerThread2" daemon [_thread_blocked, id=21251, stack(0x000000011c1bc000,0x000000011c2bc000)]
  0x00007fa547857000 JavaThread "C2 CompilerThread1" daemon [_thread_blocked, id=20739, stack(0x000000011c0b9000,0x000000011c1b9000)]
  0x00007fa54400f000 JavaThread "C2 CompilerThread0" daemon [_thread_blocked, id=20227, stack(0x000000011bfb6000,0x000000011c0b6000)]
  0x00007fa54782a800 JavaThread "JDWP Command Reader" daemon [_thread_in_native, id=19715, stack(0x000000011bd1a000,0x000000011be1a000)]
  0x00007fa548007000 JavaThread "JDWP Event Helper Thread" daemon [_thread_blocked, id=19203, stack(0x000000011bc17000,0x000000011bd17000)]
=>0x00007fa548006800 JavaThread "JDWP Transport Listener: dt_socket" daemon [_thread_in_vm, id=18691, stack(0x000000011bb14000,0x000000011bc14000)]
  0x00007fa547019800 JavaThread "Signal Dispatcher" daemon [_thread_blocked, id=14615, stack(0x000000011ba0a000,0x000000011bb0a000)]
  0x00007fa54784c000 JavaThread "Finalizer" daemon [_thread_blocked, id=13571, stack(0x000000011a0c7000,0x000000011a1c7000)]
  0x00007fa54784b000 JavaThread "Reference Handler" daemon [_thread_blocked, id=13059, stack(0x0000000119fc4000,0x000000011a0c4000)]
  0x00007fa547007000 JavaThread "main" [_thread_blocked, id=4867, stack(0x0000000102f1c000,0x000000010301c000)]

Other Threads:
  0x00007fa547019000 VMThread [stack: 0x0000000119ec1000,0x0000000119fc1000] [id=12547]
  0x00007fa5448ac800 WatcherThread [stack: 0x000000011c4c5000,0x000000011c5c5000] [id=22787]

VM state:not at safepoint (normal execution)

VM Mutex/Monitor currently owned by a thread: None

Heap:
 PSYoungGen      total 71680K, used 69324K [0x0000000795580000, 0x000000079fd80000, 0x00000007c0000000)
  eden space 66560K, 96% used [0x0000000795580000,0x000000079943b250,0x0000000799680000)
  from space 5120K, 99% used [0x0000000799680000,0x0000000799b78080,0x0000000799b80000)
  to   space 19456K, 0% used [0x000000079ea80000,0x000000079ea80000,0x000000079fd80000)
 ParOldGen       total 87552K, used 25560K [0x0000000740000000, 0x0000000745580000, 0x0000000795580000)
  object space 87552K, 29% used [0x0000000740000000,0x00000007418f62e0,0x0000000745580000)
 Metaspace       used 8463K, capacity 8752K, committed 9088K, reserved 1056768K
  class space    used 985K, capacity 1066K, committed 1152K, reserved 1048576K

Card table byte_map: [0x00000001124b1000,0x00000001128b2000] byte_map_base: 0x000000010eab1000

Marking Bits: (ParMarkBitMap*) 0x000000010289c330
 Begin Bits: [0x0000000113375000, 0x0000000115375000)
 End Bits:   [0x0000000115375000, 0x0000000117375000)

Polling page: 0x0000000100fda000

CodeCache: size=245760Kb used=4484Kb max_used=4484Kb free=241275Kb
 bounds [0x00000001030f1000, 0x0000000103561000, 0x00000001120f1000]
 total_blobs=1491 nmethods=1196 adapters=218
 compilation: enabled

Compilation events (10 events):
Event: 107.096 Thread 0x00007fa544883000 1199       3       com.dgsd.sydtrip.transformer.routing.graph.DepthFirstSearch$GeneratedEvaluationClass::lambda$invoke$1 (15 bytes)
Event: 107.097 Thread 0x00007fa544883000 nmethod 1199 0x00000001031fd750 code [0x00000001031fd8c0, 0x00000001031fda88]
Event: 132.028 Thread 0x00007fa544883000 1200       3       java.lang.invoke.MemberName::getInvocationType (56 bytes)
Event: 132.029 Thread 0x00007fa544883000 nmethod 1200 0x00000001031f2710 code [0x00000001031f2900, 0x00000001031f34e8]
Event: 140.364 Thread 0x00007fa544883000 1201       3       java.lang.reflect.Modifier::isProtected (12 bytes)
Event: 140.364 Thread 0x00007fa544883000 nmethod 1201 0x00000001031fd390 code [0x00000001031fd500, 0x00000001031fd690]
Event: 140.364 Thread 0x00007fa544883000 1202       3       com.dgsd.sydtrip.transformer.routing.graph.DepthFirstSearch$GeneratedEvaluationClass$$Lambda$39/530653666::test (12 bytes)
Event: 140.365 Thread 0x00007fa544883000 nmethod 1202 0x0000000103553d10 code [0x0000000103553ea0, 0x00000001035541c8]
Event: 140.366 Thread 0x00007fa544883000 1203       3       com.dgsd.sydtrip.transformer.routing.graph.DepthFirstSearch$GeneratedEvaluationClass::lambda$invoke$1 (15 bytes)
Event: 140.366 Thread 0x00007fa544883000 nmethod 1203 0x00000001031f22d0 code [0x00000001031f2440, 0x00000001031f2608]

GC Heap History (10 events):
Event: 0.813 GC heap before
{Heap before GC invocations=1 (full 0):
 PSYoungGen      total 38400K, used 33280K [0x0000000795580000, 0x0000000798000000, 0x00000007c0000000)
  eden space 33280K, 100% used [0x0000000795580000,0x0000000797600000,0x0000000797600000)
  from space 5120K, 0% used [0x0000000797b00000,0x0000000797b00000,0x0000000798000000)
  to   space 5120K, 0% used [0x0000000797600000,0x0000000797600000,0x0000000797b00000)
 ParOldGen       total 87552K, used 0K [0x0000000740000000, 0x0000000745580000, 0x0000000795580000)
  object space 87552K, 0% used [0x0000000740000000,0x0000000740000000,0x0000000745580000)
 Metaspace       used 6385K, capacity 6520K, committed 6784K, reserved 1056768K
  class space    used 731K, capacity 782K, committed 896K, reserved 1048576K
Event: 0.818 GC heap after
Heap after GC invocations=1 (full 0):
 PSYoungGen      total 38400K, used 4211K [0x0000000795580000, 0x0000000798000000, 0x00000007c0000000)
  eden space 33280K, 0% used [0x0000000795580000,0x0000000795580000,0x0000000797600000)
  from space 5120K, 82% used [0x0000000797600000,0x0000000797a1cf68,0x0000000797b00000)
  to   space 5120K, 0% used [0x0000000797b00000,0x0000000797b00000,0x0000000798000000)
 ParOldGen       total 87552K, used 8K [0x0000000740000000, 0x0000000745580000, 0x0000000795580000)
  object space 87552K, 0% used [0x0000000740000000,0x0000000740002000,0x0000000745580000)
 Metaspace       used 6385K, capacity 6520K, committed 6784K, reserved 1056768K
  class space    used 731K, capacity 782K, committed 896K, reserved 1048576K
}
Event: 0.911 GC heap before
{Heap before GC invocations=2 (full 0):
 PSYoungGen      total 38400K, used 37491K [0x0000000795580000, 0x0000000798000000, 0x00000007c0000000)
  eden space 33280K, 100% used [0x0000000795580000,0x0000000797600000,0x0000000797600000)
  from space 5120K, 82% used [0x0000000797600000,0x0000000797a1cf68,0x0000000797b00000)
  to   space 5120K, 0% used [0x0000000797b00000,0x0000000797b00000,0x0000000798000000)
 ParOldGen       total 87552K, used 8K [0x0000000740000000, 0x0000000745580000, 0x0000000795580000)
  object space 87552K, 0% used [0x0000000740000000,0x0000000740002000,0x0000000745580000)
 Metaspace       used 6405K, capacity 6584K, committed 6784K, reserved 1056768K
  class space    used 732K, capacity 782K, committed 896K, reserved 1048576K
Event: 0.931 GC heap after
Heap after GC invocations=2 (full 0):
 PSYoungGen      total 38400K, used 5104K [0x0000000795580000, 0x000000079a080000, 0x00000007c0000000)
  eden space 33280K, 0% used [0x0000000795580000,0x0000000795580000,0x0000000797600000)
  from space 5120K, 99% used [0x0000000797b00000,0x0000000797ffc040,0x0000000798000000)
  to   space 5120K, 0% used [0x0000000797600000,0x0000000797600000,0x0000000797b00000)
 ParOldGen       total 87552K, used 2344K [0x0000000740000000, 0x0000000745580000, 0x0000000795580000)
  object space 87552K, 2% used [0x0000000740000000,0x000000074024a000,0x0000000745580000)
 Metaspace       used 6405K, capacity 6584K, committed 6784K, reserved 1056768K
  class space    used 732K, capacity 782K, committed 896K, reserved 1048576K
}
Event: 0.993 GC heap before
{Heap before GC invocations=3 (full 0):
 PSYoungGen      total 38400K, used 38384K [0x0000000795580000, 0x000000079a080000, 0x00000007c0000000)
  eden space 33280K, 100% used [0x0000000795580000,0x0000000797600000,0x0000000797600000)
  from space 5120K, 99% used [0x0000000797b00000,0x0000000797ffc040,0x0000000798000000)
  to   space 5120K, 0% used [0x0000000797600000,0x0000000797600000,0x0000000797b00000)
 ParOldGen       total 87552K, used 2344K [0x0000000740000000, 0x0000000745580000, 0x0000000795580000)
  object space 87552K, 2% used [0x0000000740000000,0x000000074024a000,0x0000000745580000)
 Metaspace       used 6409K, capacity 6584K, committed 6784K, reserved 1056768K
  class space    used 732K, capacity 782K, committed 896K, reserved 1048576K
Event: 1.005 GC heap after
Heap after GC invocations=3 (full 0):
 PSYoungGen      total 38400K, used 5088K [0x0000000795580000, 0x000000079a080000, 0x00000007c0000000)
  eden space 33280K, 0% used [0x0000000795580000,0x0000000795580000,0x0000000797600000)
  from space 5120K, 99% used [0x0000000797600000,0x0000000797af8070,0x0000000797b00000)
  to   space 5120K, 0% used [0x0000000799b80000,0x0000000799b80000,0x000000079a080000)
 ParOldGen       total 87552K, used 6504K [0x0000000740000000, 0x0000000745580000, 0x0000000795580000)
  object space 87552K, 7% used [0x0000000740000000,0x000000074065a000,0x0000000745580000)
 Metaspace       used 6409K, capacity 6584K, committed 6784K, reserved 1056768K
  class space    used 732K, capacity 782K, committed 896K, reserved 1048576K
}
Event: 1.081 GC heap before
{Heap before GC invocations=4 (full 0):
 PSYoungGen      total 38400K, used 38368K [0x0000000795580000, 0x000000079a080000, 0x00000007c0000000)
  eden space 33280K, 100% used [0x0000000795580000,0x0000000797600000,0x0000000797600000)
  from space 5120K, 99% used [0x0000000797600000,0x0000000797af8070,0x0000000797b00000)
  to   space 5120K, 0% used [0x0000000799b80000,0x0000000799b80000,0x000000079a080000)
 ParOldGen       total 87552K, used 6504K [0x0000000740000000, 0x0000000745580000, 0x0000000795580000)
  object space 87552K, 7% used [0x0000000740000000,0x000000074065a000,0x0000000745580000)
 Metaspace       used 6409K, capacity 6584K, committed 6784K, reserved 1056768K
  class space    used 732K, capacity 782K, committed 896K, reserved 1048576K
Event: 1.105 GC heap after
Heap after GC invocations=4 (full 0):
 PSYoungGen      total 71680K, used 5088K [0x0000000795580000, 0x000000079a080000, 0x00000007c0000000)
  eden space 66560K, 0% used [0x0000000795580000,0x0000000795580000,0x0000000799680000)
  from space 5120K, 99% used [0x0000000799b80000,0x000000079a078030,0x000000079a080000)
  to   space 5120K, 0% used [0x0000000799680000,0x0000000799680000,0x0000000799b80000)
 ParOldGen       total 87552K, used 11120K [0x0000000740000000, 0x0000000745580000, 0x0000000795580000)
  object space 87552K, 12% used [0x0000000740000000,0x0000000740adc000,0x0000000745580000)
 Metaspace       used 6409K, capacity 6584K, committed 6784K, reserved 1056768K
  class space    used 732K, capacity 782K, committed 896K, reserved 1048576K
}
Event: 1.301 GC heap before
{Heap before GC invocations=5 (full 0):
 PSYoungGen      total 71680K, used 71648K [0x0000000795580000, 0x000000079a080000, 0x00000007c0000000)
  eden space 66560K, 100% used [0x0000000795580000,0x0000000799680000,0x0000000799680000)
  from space 5120K, 99% used [0x0000000799b80000,0x000000079a078030,0x000000079a080000)
  to   space 5120K, 0% used [0x0000000799680000,0x0000000799680000,0x0000000799b80000)
 ParOldGen       total 87552K, used 11120K [0x0000000740000000, 0x0000000745580000, 0x0000000795580000)
  object space 87552K, 12% used [0x0000000740000000,0x0000000740adc000,0x0000000745580000)
 Metaspace       used 6429K, capacity 6584K, committed 6784K, reserved 1056768K
  class space    used 733K, capacity 782K, committed 896K, reserved 1048576K
Event: 1.327 GC heap after
Heap after GC invocations=5 (full 0):
 PSYoungGen      total 71680K, used 5088K [0x0000000795580000, 0x000000079fd80000, 0x00000007c0000000)
  eden space 66560K, 0% used [0x0000000795580000,0x0000000795580000,0x0000000799680000)
  from space 5120K, 99% used [0x0000000799680000,0x0000000799b78080,0x0000000799b80000)
  to   space 19456K, 0% used [0x000000079ea80000,0x000000079ea80000,0x000000079fd80000)
 ParOldGen       total 87552K, used 25560K [0x0000000740000000, 0x0000000745580000, 0x0000000795580000)
  object space 87552K, 29% used [0x0000000740000000,0x00000007418f62e0,0x0000000745580000)
 Metaspace       used 6429K, capacity 6584K, committed 6784K, reserved 1056768K
  class space    used 733K, capacity 782K, committed 896K, reserved 1048576K
}

Deoptimization events (10 events):
Event: 1.240 Thread 0x00007fa547007000 Uncommon trap: reason=unreached action=reinterpret pc=0x00000001033941a0 method=java.io.LineNumberReader.readLine()Ljava/lang/String; @ 22
Event: 1.391 Thread 0x00007fa547007000 Uncommon trap: reason=unreached action=reinterpret pc=0x00000001033bcb00 method=java.util.HashMap$HashIterator.hasNext()Z @ 4
Event: 1.392 Thread 0x00007fa547007000 Uncommon trap: reason=unreached action=reinterpret pc=0x000000010333d538 method=java.lang.Enum.equals(Ljava/lang/Object;)Z @ 2
Event: 1.454 Thread 0x00007fa547007000 Uncommon trap: reason=unreached action=reinterpret pc=0x0000000103372638 method=java.util.HashMap$HashIterator.hasNext()Z @ 4
Event: 1.529 Thread 0x00007fa547007000 Uncommon trap: reason=class_check action=maybe_recompile pc=0x0000000103372174 method=java.util.ArrayList.<init>(Ljava/util/Collection;)V @ 6
Event: 1.786 Thread 0x00007fa547007000 Uncommon trap: reason=unreached action=reinterpret pc=0x0000000103377b84 method=java.io.LineNumberReader.readLine()Ljava/lang/String; @ 22
Event: 1.792 Thread 0x00007fa547007000 Uncommon trap: reason=unreached action=reinterpret pc=0x00000001033bc260 method=com.dgsd.sydtrip.transformer.routing.graph.Node.equals(Ljava/lang/Object;)Z @ 2
Event: 1.799 Thread 0x00007fa547007000 Uncommon trap: reason=unreached action=reinterpret pc=0x00000001033bbed0 method=com.dgsd.sydtrip.transformer.routing.graph.Node.equals(Ljava/lang/Object;)Z @ 2
Event: 1.801 Thread 0x00007fa547007000 Uncommon trap: reason=unreached action=reinterpret pc=0x00000001034ebf24 method=java.lang.Class.reflectionData()Ljava/lang/Class$ReflectionData; @ 17
Event: 132.029 Thread 0x00007fa547007000 Uncommon trap: reason=bimorphic action=maybe_recompile pc=0x000000010354ff50 method=java.util.stream.ReferencePipeline$2$1.accept(Ljava/lang/Object;)V @ 21

Internal exceptions (10 events):
Event: 1.595 Thread 0x00007fa547007000 Exception <a 'java/security/PrivilegedActionException'> (0x00000007987e0418) thrown at [/HUDSON3/workspace/8-2-build-macosx-x86_64/jdk8u20/1074/hotspot/src/share/vm/prims/jvm.cpp, line 1275]
Event: 1.596 Thread 0x00007fa547007000 Exception <a 'java/security/PrivilegedActionException'> (0x00000007987eb450) thrown at [/HUDSON3/workspace/8-2-build-macosx-x86_64/jdk8u20/1074/hotspot/src/share/vm/prims/jvm.cpp, line 1275]
Event: 1.596 Thread 0x00007fa547007000 Exception <a 'java/security/PrivilegedActionException'> (0x00000007987f8898) thrown at [/HUDSON3/workspace/8-2-build-macosx-x86_64/jdk8u20/1074/hotspot/src/share/vm/prims/jvm.cpp, line 1275]
Event: 1.598 Thread 0x00007fa547007000 Exception <a 'java/security/PrivilegedActionException'> (0x00000007988092f0) thrown at [/HUDSON3/workspace/8-2-build-macosx-x86_64/jdk8u20/1074/hotspot/src/share/vm/prims/jvm.cpp, line 1275]
Event: 1.599 Thread 0x00007fa547007000 Exception <a 'java/security/PrivilegedActionException'> (0x000000079881e828) thrown at [/HUDSON3/workspace/8-2-build-macosx-x86_64/jdk8u20/1074/hotspot/src/share/vm/prims/jvm.cpp, line 1275]
Event: 1.600 Thread 0x00007fa547007000 Exception <a 'java/security/PrivilegedActionException'> (0x000000079882ada0) thrown at [/HUDSON3/workspace/8-2-build-macosx-x86_64/jdk8u20/1074/hotspot/src/share/vm/prims/jvm.cpp, line 1275]
Event: 1.787 Thread 0x00007fa547007000 Exception <a 'java/security/PrivilegedActionException'> (0x0000000799298d18) thrown at [/HUDSON3/workspace/8-2-build-macosx-x86_64/jdk8u20/1074/hotspot/src/share/vm/prims/jvm.cpp, line 1275]
Event: 1.793 Thread 0x00007fa547007000 Exception <a 'java/security/PrivilegedActionException'> (0x00000007992a3d68) thrown at [/HUDSON3/workspace/8-2-build-macosx-x86_64/jdk8u20/1074/hotspot/src/share/vm/prims/jvm.cpp, line 1275]
Event: 1.801 Thread 0x00007fa547007000 Implicit null exception at 0x00000001034ebe93 to 0x00000001034ebf0d
Event: 64.826 Thread 0x00007fa547007000 Exception <a 'java/security/PrivilegedActionException'> (0x000000079933b3f0) thrown at [/HUDSON3/workspace/8-2-build-macosx-x86_64/jdk8u20/1074/hotspot/src/share/vm/prims/jvm.cpp, line 1275]

Events (10 events):
Event: 1638.149 Executing VM operation: RedefineClasses
Event: 1638.189 Executing VM operation: RedefineClasses done
Event: 1693.756 Thread 0x00007fa548006800 DEOPT PACKING pc=0x000000010345d911 sp=0x000000011bc12540
Event: 1693.756 Thread 0x00007fa548006800 DEOPT UNPACKING pc=0x0000000103138373 sp=0x000000011bc12298 mode 1
Event: 1693.756 Thread 0x00007fa548006800 DEOPT PACKING pc=0x00000001032c452c sp=0x000000011bc125a0
Event: 1693.756 Thread 0x00007fa548006800 DEOPT UNPACKING pc=0x0000000103138373 sp=0x000000011bc122f8 mode 1
Event: 1693.756 Thread 0x00007fa548006800 DEOPT PACKING pc=0x000000010345d911 sp=0x000000011bc12540
Event: 1693.756 Thread 0x00007fa548006800 DEOPT UNPACKING pc=0x0000000103138373 sp=0x000000011bc12298 mode 1
Event: 1693.756 Thread 0x00007fa548006800 DEOPT PACKING pc=0x00000001032c452c sp=0x000000011bc125a0
Event: 1693.756 Thread 0x00007fa548006800 DEOPT UNPACKING pc=0x0000000103138373 sp=0x000000011bc122f8 mode 1


Dynamic libraries:
0x000000000bbd0000 	/System/Library/Frameworks/Cocoa.framework/Versions/A/Cocoa
0x000000000bbd0000 	/System/Library/Frameworks/Security.framework/Versions/A/Security
0x000000000bbd0000 	/System/Library/Frameworks/ApplicationServices.framework/Versions/A/ApplicationServices
0x000000000bbd0000 	/usr/lib/libz.1.dylib
0x000000000bbd0000 	/usr/lib/libSystem.B.dylib
0x000000000bbd0000 	/usr/lib/libobjc.A.dylib
0x000000000bbd0000 	/System/Library/Frameworks/CoreFoundation.framework/Versions/A/CoreFoundation
0x000000000bbd0000 	/System/Library/Frameworks/Foundation.framework/Versions/C/Foundation
0x000000000bbd0000 	/System/Library/Frameworks/AppKit.framework/Versions/C/AppKit
0x000000000bbd0000 	/System/Library/Frameworks/CoreData.framework/Versions/A/CoreData
0x000000000bbd0000 	/System/Library/PrivateFrameworks/RemoteViewServices.framework/Versions/A/RemoteViewServices
0x000000000bbd0000 	/System/Library/PrivateFrameworks/UIFoundation.framework/Versions/A/UIFoundation
0x000000000bbd0000 	/System/Library/Frameworks/IOSurface.framework/Versions/A/IOSurface
0x000000000bbd0000 	/System/Library/Frameworks/AudioToolbox.framework/Versions/A/AudioToolbox
0x000000000bbd0000 	/System/Library/Frameworks/AudioUnit.framework/Versions/A/AudioUnit
0x000000000bbd0000 	/System/Library/PrivateFrameworks/DataDetectorsCore.framework/Versions/A/DataDetectorsCore
0x000000000bbd0000 	/System/Library/PrivateFrameworks/DesktopServicesPriv.framework/Versions/A/DesktopServicesPriv
0x000000000bbd0000 	/System/Library/Frameworks/Carbon.framework/Versions/A/Frameworks/HIToolbox.framework/Versions/A/HIToolbox
0x000000000bbd0000 	/System/Library/Frameworks/QuartzCore.framework/Versions/A/QuartzCore
0x000000000bbd0000 	/System/Library/Frameworks/Carbon.framework/Versions/A/Frameworks/SpeechRecognition.framework/Versions/A/SpeechRecognition
0x000000000bbd0000 	/usr/lib/libauto.dylib
0x000000000bbd0000 	/usr/lib/libicucore.A.dylib
0x000000000bbd0000 	/usr/lib/libxml2.2.dylib
0x000000000bbd0000 	/System/Library/PrivateFrameworks/CoreUI.framework/Versions/A/CoreUI
0x000000000bbd0000 	/System/Library/Frameworks/CoreAudio.framework/Versions/A/CoreAudio
0x000000000bbd0000 	/System/Library/Frameworks/DiskArbitration.framework/Versions/A/DiskArbitration
0x000000000bbd0000 	/usr/lib/liblangid.dylib
0x000000000bbd0000 	/System/Library/PrivateFrameworks/MultitouchSupport.framework/Versions/A/MultitouchSupport
0x000000000bbd0000 	/System/Library/Frameworks/IOKit.framework/Versions/A/IOKit
0x000000000bbd0000 	/usr/lib/libDiagnosticMessagesClient.dylib
0x000000000bbd0000 	/System/Library/Frameworks/CoreServices.framework/Versions/A/CoreServices
0x000000000bbd0000 	/System/Library/PrivateFrameworks/PerformanceAnalysis.framework/Versions/A/PerformanceAnalysis
0x000000000bbd0000 	/System/Library/PrivateFrameworks/GenerationalStorage.framework/Versions/A/GenerationalStorage
0x000000000bbd0000 	/System/Library/Frameworks/OpenGL.framework/Versions/A/OpenGL
0x000000000bbd0000 	/System/Library/PrivateFrameworks/Sharing.framework/Versions/A/Sharing
0x000000000bbd0000 	/System/Library/Frameworks/CoreGraphics.framework/Versions/A/CoreGraphics
0x000000000bbd0000 	/System/Library/Frameworks/CoreText.framework/Versions/A/CoreText
0x000000000bbd0000 	/System/Library/Frameworks/ImageIO.framework/Versions/A/ImageIO
0x000000000bbd0000 	/usr/lib/libextension.dylib
0x000000000bbd0000 	/System/Library/PrivateFrameworks/Backup.framework/Versions/A/Backup
0x000000000bbd0000 	/usr/lib/libarchive.2.dylib
0x000000000bbd0000 	/System/Library/Frameworks/CFNetwork.framework/Versions/A/CFNetwork
0x000000000bbd0000 	/System/Library/Frameworks/SystemConfiguration.framework/Versions/A/SystemConfiguration
0x000000000bbd0000 	/usr/lib/libCRFSuite.dylib
0x000000000bbd0000 	/usr/lib/libc++.1.dylib
0x000000000bbd0000 	/usr/lib/libc++abi.dylib
0x000000000bbd0000 	/usr/lib/system/libcache.dylib
0x000000000bbd0000 	/usr/lib/system/libcommonCrypto.dylib
0x000000000bbd0000 	/usr/lib/system/libcompiler_rt.dylib
0x000000000bbd0000 	/usr/lib/system/libcopyfile.dylib
0x000000000bbd0000 	/usr/lib/system/libcorecrypto.dylib
0x000000000bbd0000 	/usr/lib/system/libdispatch.dylib
0x000000000bbd0000 	/usr/lib/system/libdyld.dylib
0x000000000bbd0000 	/usr/lib/system/libkeymgr.dylib
0x000000000bbd0000 	/usr/lib/system/liblaunch.dylib
0x000000000bbd0000 	/usr/lib/system/libmacho.dylib
0x000000000bbd0000 	/usr/lib/system/libquarantine.dylib
0x000000000bbd0000 	/usr/lib/system/libremovefile.dylib
0x000000000bbd0000 	/usr/lib/system/libsystem_asl.dylib
0x000000000bbd0000 	/usr/lib/system/libsystem_blocks.dylib
0x000000000bbd0000 	/usr/lib/system/libsystem_c.dylib
0x000000000bbd0000 	/usr/lib/system/libsystem_configuration.dylib
0x000000000bbd0000 	/usr/lib/system/libsystem_coreservices.dylib
0x000000000bbd0000 	/usr/lib/system/libsystem_coretls.dylib
0x000000000bbd0000 	/usr/lib/system/libsystem_dnssd.dylib
0x000000000bbd0000 	/usr/lib/system/libsystem_info.dylib
0x000000000bbd0000 	/usr/lib/system/libsystem_kernel.dylib
0x000000000bbd0000 	/usr/lib/system/libsystem_m.dylib
0x000000000bbd0000 	/usr/lib/system/libsystem_malloc.dylib
0x000000000bbd0000 	/usr/lib/system/libsystem_network.dylib
0x000000000bbd0000 	/usr/lib/system/libsystem_networkextension.dylib
0x000000000bbd0000 	/usr/lib/system/libsystem_notify.dylib
0x000000000bbd0000 	/usr/lib/system/libsystem_platform.dylib
0x000000000bbd0000 	/usr/lib/system/libsystem_pthread.dylib
0x000000000bbd0000 	/usr/lib/system/libsystem_sandbox.dylib
0x000000000bbd0000 	/usr/lib/system/libsystem_secinit.dylib
0x000000000bbd0000 	/usr/lib/system/libsystem_stats.dylib
0x000000000bbd0000 	/usr/lib/system/libsystem_trace.dylib
0x000000000bbd0000 	/usr/lib/system/libunc.dylib
0x000000000bbd0000 	/usr/lib/system/libunwind.dylib
0x000000000bbd0000 	/usr/lib/system/libxpc.dylib
0x000000000bbd0000 	/usr/lib/libbz2.1.0.dylib
0x000000000bbd0000 	/usr/lib/liblzma.5.dylib
0x000000000bbd0000 	/usr/lib/libbsm.0.dylib
0x000000000bbd0000 	/usr/lib/libsqlite3.dylib
0x000000000bbd0000 	/usr/lib/system/libkxld.dylib
0x000000000bbd0000 	/usr/lib/libxar.1.dylib
0x000000000bbd0000 	/usr/lib/libpam.2.dylib
0x000000000bbd0000 	/usr/lib/libOpenScriptingUtil.dylib
0x000000000bbd0000 	/System/Library/Frameworks/CoreServices.framework/Versions/A/Frameworks/FSEvents.framework/Versions/A/FSEvents
0x000000000bbd0000 	/System/Library/Frameworks/CoreServices.framework/Versions/A/Frameworks/CarbonCore.framework/Versions/A/CarbonCore
0x000000000bbd0000 	/System/Library/Frameworks/CoreServices.framework/Versions/A/Frameworks/Metadata.framework/Versions/A/Metadata
0x000000000bbd0000 	/System/Library/Frameworks/CoreServices.framework/Versions/A/Frameworks/OSServices.framework/Versions/A/OSServices
0x000000000bbd0000 	/System/Library/Frameworks/CoreServices.framework/Versions/A/Frameworks/SearchKit.framework/Versions/A/SearchKit
0x000000000bbd0000 	/System/Library/Frameworks/CoreServices.framework/Versions/A/Frameworks/AE.framework/Versions/A/AE
0x000000000bbd0000 	/System/Library/Frameworks/CoreServices.framework/Versions/A/Frameworks/LaunchServices.framework/Versions/A/LaunchServices
0x000000000bbd0000 	/System/Library/Frameworks/CoreServices.framework/Versions/A/Frameworks/DictionaryServices.framework/Versions/A/DictionaryServices
0x000000000bbd0000 	/System/Library/Frameworks/NetFS.framework/Versions/A/NetFS
0x000000000bbd0000 	/System/Library/PrivateFrameworks/NetAuth.framework/Versions/A/NetAuth
0x000000000bbd0000 	/System/Library/PrivateFrameworks/login.framework/Versions/A/Frameworks/loginsupport.framework/Versions/A/loginsupport
0x000000000bbd0000 	/System/Library/PrivateFrameworks/TCC.framework/Versions/A/TCC
0x000000000bbd0000 	/usr/lib/libmecabra.dylib
0x000000000bbd0000 	/System/Library/Frameworks/ApplicationServices.framework/Versions/A/Frameworks/ATS.framework/Versions/A/ATS
0x000000000bbd0000 	/System/Library/Frameworks/ApplicationServices.framework/Versions/A/Frameworks/ColorSync.framework/Versions/A/ColorSync
0x000000000bbd0000 	/System/Library/Frameworks/ApplicationServices.framework/Versions/A/Frameworks/HIServices.framework/Versions/A/HIServices
0x000000000bbd0000 	/System/Library/Frameworks/ApplicationServices.framework/Versions/A/Frameworks/LangAnalysis.framework/Versions/A/LangAnalysis
0x000000000bbd0000 	/System/Library/Frameworks/ApplicationServices.framework/Versions/A/Frameworks/PrintCore.framework/Versions/A/PrintCore
0x000000000bbd0000 	/System/Library/Frameworks/ApplicationServices.framework/Versions/A/Frameworks/QD.framework/Versions/A/QD
0x000000000bbd0000 	/System/Library/Frameworks/ApplicationServices.framework/Versions/A/Frameworks/SpeechSynthesis.framework/Versions/A/SpeechSynthesis
0x000000000bbd0000 	/System/Library/Frameworks/Accelerate.framework/Versions/A/Accelerate
0x000000000bbd0000 	/System/Library/Frameworks/Accelerate.framework/Versions/A/Frameworks/vImage.framework/Versions/A/vImage
0x000000000bbd0000 	/System/Library/Frameworks/Accelerate.framework/Versions/A/Frameworks/vecLib.framework/Versions/A/vecLib
0x000000000bbd0000 	/System/Library/Frameworks/Accelerate.framework/Versions/A/Frameworks/vecLib.framework/Versions/A/libvDSP.dylib
0x000000000bbd0000 	/System/Library/Frameworks/Accelerate.framework/Versions/A/Frameworks/vecLib.framework/Versions/A/libvMisc.dylib
0x000000000bbd0000 	/System/Library/Frameworks/Accelerate.framework/Versions/A/Frameworks/vecLib.framework/Versions/A/libLAPACK.dylib
0x000000000bbd0000 	/System/Library/Frameworks/Accelerate.framework/Versions/A/Frameworks/vecLib.framework/Versions/A/libBLAS.dylib
0x000000000bbd0000 	/System/Library/Frameworks/Accelerate.framework/Versions/A/Frameworks/vecLib.framework/Versions/A/libLinearAlgebra.dylib
0x000000000bbd0000 	/System/Library/Frameworks/ApplicationServices.framework/Versions/A/Frameworks/ATS.framework/Versions/A/Resources/libFontParser.dylib
0x000000000bbd0000 	/System/Library/Frameworks/ApplicationServices.framework/Versions/A/Frameworks/ATS.framework/Versions/A/Resources/libFontRegistry.dylib
0x000000000bbd0000 	/System/Library/PrivateFrameworks/AppleVPA.framework/Versions/A/AppleVPA
0x000000000bbd0000 	/System/Library/PrivateFrameworks/AppleJPEG.framework/Versions/A/AppleJPEG
0x000000000bbd0000 	/System/Library/Frameworks/ImageIO.framework/Versions/A/Resources/libJPEG.dylib
0x000000000bbd0000 	/System/Library/Frameworks/ImageIO.framework/Versions/A/Resources/libTIFF.dylib
0x000000000bbd0000 	/System/Library/Frameworks/ImageIO.framework/Versions/A/Resources/libPng.dylib
0x000000000bbd0000 	/System/Library/Frameworks/ImageIO.framework/Versions/A/Resources/libGIF.dylib
0x000000000bbd0000 	/System/Library/Frameworks/ImageIO.framework/Versions/A/Resources/libJP2.dylib
0x000000000bbd0000 	/System/Library/Frameworks/ImageIO.framework/Versions/A/Resources/libRadiance.dylib
0x000000000bbd0000 	/System/Library/Frameworks/CoreVideo.framework/Versions/A/CoreVideo
0x000000000bbd0000 	/System/Library/Frameworks/OpenGL.framework/Versions/A/Libraries/libGLU.dylib
0x000000000bbd0000 	/System/Library/Frameworks/OpenGL.framework/Versions/A/Libraries/libGFXShared.dylib
0x000000000bbd0000 	/System/Library/Frameworks/OpenGL.framework/Versions/A/Libraries/libGL.dylib
0x000000000bbd0000 	/System/Library/Frameworks/OpenGL.framework/Versions/A/Libraries/libGLImage.dylib
0x000000000bbd0000 	/System/Library/Frameworks/OpenGL.framework/Versions/A/Libraries/libCVMSPluginSupport.dylib
0x000000000bbd0000 	/System/Library/Frameworks/OpenGL.framework/Versions/A/Libraries/libCoreVMClient.dylib
0x000000000bbd0000 	/usr/lib/libcups.2.dylib
0x000000000bbd0000 	/System/Library/Frameworks/Kerberos.framework/Versions/A/Kerberos
0x000000000bbd0000 	/System/Library/Frameworks/GSS.framework/Versions/A/GSS
0x000000000bbd0000 	/usr/lib/libresolv.9.dylib
0x000000000bbd0000 	/usr/lib/libiconv.2.dylib
0x000000000bbd0000 	/System/Library/PrivateFrameworks/Heimdal.framework/Versions/A/Heimdal
0x000000000bbd0000 	/usr/lib/libheimdal-asn1.dylib
0x000000000bbd0000 	/System/Library/Frameworks/OpenDirectory.framework/Versions/A/OpenDirectory
0x000000000bbd0000 	/System/Library/PrivateFrameworks/CommonAuth.framework/Versions/A/CommonAuth
0x000000000bbd0000 	/System/Library/Frameworks/OpenDirectory.framework/Versions/A/Frameworks/CFOpenDirectory.framework/Versions/A/CFOpenDirectory
0x000000000bbd0000 	/System/Library/Frameworks/SecurityFoundation.framework/Versions/A/SecurityFoundation
0x000000000bbd0000 	/System/Library/PrivateFrameworks/LanguageModeling.framework/Versions/A/LanguageModeling
0x000000000bbd0000 	/usr/lib/libcmph.dylib
0x000000000bbd0000 	/System/Library/Frameworks/ServiceManagement.framework/Versions/A/ServiceManagement
0x000000000bbd0000 	/usr/lib/libxslt.1.dylib
0x000000000bbd0000 	/System/Library/Frameworks/Carbon.framework/Versions/A/Frameworks/Ink.framework/Versions/A/Ink
0x000000000bbd0000 	/System/Library/Frameworks/QuartzCore.framework/Versions/A/Frameworks/CoreImage.framework/Versions/A/CoreImage
0x000000000bbd0000 	/System/Library/PrivateFrameworks/CrashReporterSupport.framework/Versions/A/CrashReporterSupport
0x000000000bbd0000 	/System/Library/Frameworks/OpenCL.framework/Versions/A/OpenCL
0x000000000bbd0000 	/System/Library/PrivateFrameworks/FaceCore.framework/Versions/A/FaceCore
0x000000000bbd0000 	/System/Library/PrivateFrameworks/Ubiquity.framework/Versions/A/Ubiquity
0x000000000bbd0000 	/System/Library/PrivateFrameworks/IconServices.framework/Versions/A/IconServices
0x000000000bbd0000 	/System/Library/PrivateFrameworks/ChunkingLibrary.framework/Versions/A/ChunkingLibrary
0x000000000bbd0000 	/System/Library/PrivateFrameworks/Apple80211.framework/Versions/A/Apple80211
0x000000000bbd0000 	/System/Library/Frameworks/CoreWLAN.framework/Versions/A/CoreWLAN
0x000000000bbd0000 	/System/Library/Frameworks/IOBluetooth.framework/Versions/A/IOBluetooth
0x000000000bbd0000 	/System/Library/PrivateFrameworks/CoreWiFi.framework/Versions/A/CoreWiFi
0x000000000bbd0000 	/System/Library/Frameworks/CoreBluetooth.framework/Versions/A/CoreBluetooth
0x000000000bbd0000 	/System/Library/PrivateFrameworks/DebugSymbols.framework/Versions/A/DebugSymbols
0x000000000bbd0000 	/System/Library/PrivateFrameworks/CoreSymbolication.framework/Versions/A/CoreSymbolication
0x000000000bbd0000 	/System/Library/PrivateFrameworks/Symbolication.framework/Versions/A/Symbolication
0x000000000bbd0000 	/System/Library/PrivateFrameworks/SpeechRecognitionCore.framework/Versions/A/SpeechRecognitionCore
0x0000000102000000 	/Library/Java/JavaVirtualMachines/jdk1.8.0_20.jdk/Contents/Home/jre/lib/server/libjvm.dylib
0x000000000bbd0000 	/usr/lib/libstdc++.6.dylib
0x0000000100fcc000 	/Library/Java/JavaVirtualMachines/jdk1.8.0_20.jdk/Contents/Home/jre/lib/libverify.dylib
0x000000010301e000 	/Library/Java/JavaVirtualMachines/jdk1.8.0_20.jdk/Contents/Home/jre/lib/libjava.dylib
0x0000000103052000 	/Library/Java/JavaVirtualMachines/jdk1.8.0_20.jdk/Contents/Home/jre/lib/libjdwp.dylib
0x0000000100fdb000 	/Library/Java/JavaVirtualMachines/jdk1.8.0_20.jdk/Contents/Home/jre/lib/libnpt.dylib
0x000000010309d000 	/Library/Java/JavaVirtualMachines/jdk1.8.0_20.jdk/Contents/Home/jre/lib/libinstrument.dylib
0x0000000100fe9000 	/Library/Java/JavaVirtualMachines/jdk1.8.0_20.jdk/Contents/Home/jre/lib/libzip.dylib
0x000000011a1c9000 	/System/Library/Frameworks/JavaVM.framework/Frameworks/JavaRuntimeSupport.framework/JavaRuntimeSupport
0x000000011a1e1000 	/System/Library/Frameworks/JavaVM.framework/Versions/A/Frameworks/JavaNativeFoundation.framework/Versions/A/JavaNativeFoundation
0x0000000100ff2000 	/System/Library/Frameworks/JavaVM.framework/Versions/A/JavaVM
0x000000000bbd0000 	/System/Library/Frameworks/Carbon.framework/Versions/A/Carbon
0x000000011a1f6000 	/System/Library/PrivateFrameworks/JavaLaunching.framework/Versions/A/JavaLaunching
0x000000000bbd0000 	/System/Library/Frameworks/Carbon.framework/Versions/A/Frameworks/CommonPanels.framework/Versions/A/CommonPanels
0x000000000bbd0000 	/System/Library/Frameworks/Carbon.framework/Versions/A/Frameworks/Help.framework/Versions/A/Help
0x000000000bbd0000 	/System/Library/Frameworks/Carbon.framework/Versions/A/Frameworks/ImageCapture.framework/Versions/A/ImageCapture
0x000000000bbd0000 	/System/Library/Frameworks/Carbon.framework/Versions/A/Frameworks/OpenScripting.framework/Versions/A/OpenScripting
0x000000000bbd0000 	/System/Library/Frameworks/Carbon.framework/Versions/A/Frameworks/Print.framework/Versions/A/Print
0x000000000bbd0000 	/System/Library/Frameworks/Carbon.framework/Versions/A/Frameworks/SecurityHI.framework/Versions/A/SecurityHI
0x000000011bb0c000 	/Library/Java/JavaVirtualMachines/jdk1.8.0_20.jdk/Contents/Home/jre/lib/libdt_socket.dylib
0x000000011c5c7000 	/Library/Java/JavaVirtualMachines/jdk1.8.0_20.jdk/Contents/Home/jre/lib/libnet.dylib

VM Arguments:
jvm_args: -agentlib:jdwp=transport=dt_socket,address=127.0.0.1:59641,suspend=y,server=n -ea -javaagent:/Users/daniel/Library/Caches/IdeaIC14/groovyHotSwap/gragent.jar -Dfile.encoding=UTF-8 
java_command: com.intellij.rt.execution.junit.JUnitStarter -ideVersion5 @/private/var/folders/6n/gwx05c29309gsy3vmw649kk80000gn/T/idea_junit0.tmp @w@/private/var/folders/6n/gwx05c29309gsy3vmw649kk80000gn/T/idea_working_dirs_junit30.tmp -socket59640
java_class_path (initial): /Applications/IntelliJ IDEA 14 CE.app/Contents/lib/idea_rt.jar:/Applications/IntelliJ IDEA 14 CE.app/Contents/plugins/junit/lib/junit-rt.jar:/Library/Java/JavaVirtualMachines/jdk1.8.0_20.jdk/Contents/Home/lib/ant-javafx.jar:/Library/Java/JavaVirtualMachines/jdk1.8.0_20.jdk/Contents/Home/lib/dt.jar:/Library/Java/JavaVirtualMachines/jdk1.8.0_20.jdk/Contents/Home/lib/javafx-mx.jar:/Library/Java/JavaVirtualMachines/jdk1.8.0_20.jdk/Contents/Home/lib/jconsole.jar:/Library/Java/JavaVirtualMachines/jdk1.8.0_20.jdk/Contents/Home/lib/sa-jdi.jar:/Library/Java/JavaVirtualMachines/jdk1.8.0_20.jdk/Contents/Home/lib/tools.jar:/Library/Java/JavaVirtualMachines/jdk1.8.0_20.jdk/Contents/Home/jre/lib/charsets.jar:/Library/Java/JavaVirtualMachines/jdk1.8.0_20.jdk/Contents/Home/jre/lib/deploy.jar:/Library/Java/JavaVirtualMachines/jdk1.8.0_20.jdk/Contents/Home/jre/lib/javaws.jar:/Library/Java/JavaVirtualMachines/jdk1.8.0_20.jdk/Contents/Home/jre/lib/jce.jar:/Library/Java/JavaVirtualMachines/jdk1.8.0_20.jdk/Contents/Home/jre/lib/jfr.jar:/Library/Java/JavaVirtualMachines/jdk1.8.0_20.jdk/Contents/Home/jre/lib/jfxswt.jar:/Library/Java/JavaVirtualMachines/jdk1.8.0_20.jdk/Contents/Home/jre/lib/jsse.jar:/Library/Java/JavaVirtualMachines/jdk1.8.0_20.jdk/Contents/Home/jre/lib/management-agent.jar:/Library/Java/JavaVirtualMachines/jdk1.8.0_20.jdk/Contents/Home/jre/lib/plugin.jar:/Library/Java/JavaVirtualMachines/jdk1.8.0_20.jdk/Contents/Home/jre/lib/resources.jar:/Library/Java/JavaVirtualMachines/jdk1.8.0_20.jdk/Contents/Home/jre/lib/rt.jar:/Library/Java/JavaVirtualMachines/jdk1.8.0_20.jdk/Contents/Home/jre/lib/ext/cldrdata.jar:/Library/Java/JavaVirtualMachines/jdk1.8.0_20.jdk/Contents/Home/jre/lib/ext/dnsns.jar:/Library/Java/JavaVirtualMachines/jdk1.8.0_20.jdk/Contents/Home/jre/lib/ext/jfxrt.jar:/Library/Java/JavaVirtualMachines/jdk1.8.0_20.jdk/Contents/Home/jre/lib/ext/localedata.jar:/Library/Java/JavaVirtualMachines/jdk1.8.0_20.jdk/Contents/Home/jre/lib/ext/nashorn.
Launcher Type: SUN_STANDARD

Environment Variables:
PATH=/usr/local/heroku/bin:/usr/local/bin:/usr/bin:/bin:/usr/sbin:/sbin:/Users/daniel/dev/android-sdk/platform-tools/:/Users/daniel/dev/android-sdk/tools/
SHELL=/bin/bash

Signal Handlers:
SIGSEGV: [libjvm.dylib+0x578fd7], sa_mask[0]=11111111011111110111111111111111, sa_flags=SA_ONSTACK|SA_RESTART|SA_SIGINFO
SIGBUS: [libjvm.dylib+0x578fd7], sa_mask[0]=11111111011111110111111111111111, sa_flags=SA_RESTART|SA_SIGINFO
SIGFPE: [libjvm.dylib+0x45ab0c], sa_mask[0]=11111111011111110111111111111111, sa_flags=SA_RESTART|SA_SIGINFO
SIGPIPE: [libjvm.dylib+0x45ab0c], sa_mask[0]=11111111011111110111111111111111, sa_flags=SA_RESTART|SA_SIGINFO
SIGXFSZ: [libjvm.dylib+0x45ab0c], sa_mask[0]=11111111011111110111111111111111, sa_flags=SA_RESTART|SA_SIGINFO
SIGILL: [libjvm.dylib+0x45ab0c], sa_mask[0]=11111111011111110111111111111111, sa_flags=SA_RESTART|SA_SIGINFO
SIGUSR1: SIG_DFL, sa_mask[0]=00000000000000000000000000000000, sa_flags=none
SIGUSR2: [libjvm.dylib+0x45a62a], sa_mask[0]=00100000000000000000000000000000, sa_flags=SA_RESTART|SA_SIGINFO
SIGHUP: [libjvm.dylib+0x458bfd], sa_mask[0]=11111111011111110111111111111111, sa_flags=SA_RESTART|SA_SIGINFO
SIGINT: [libjvm.dylib+0x458bfd], sa_mask[0]=11111111011111110111111111111111, sa_flags=SA_RESTART|SA_SIGINFO
SIGTERM: [libjvm.dylib+0x458bfd], sa_mask[0]=11111111011111110111111111111111, sa_flags=SA_RESTART|SA_SIGINFO
SIGQUIT: [libjvm.dylib+0x458bfd], sa_mask[0]=11111111011111110111111111111111, sa_flags=SA_RESTART|SA_SIGINFO


---------------  S Y S T E M  ---------------

OS:Bsduname:Darwin 14.1.0 Darwin Kernel Version 14.1.0: Mon Dec 22 23:10:38 PST 2014; root:xnu-2782.10.72~2/RELEASE_X86_64 x86_64
rlimit: STACK 8192k, CORE 0k, NPROC 709, NOFILE 10240, AS infinity
load average:3.07 3.15 3.05

CPU:total 8 (4 cores per cpu, 2 threads per core) family 6 model 70 stepping 1, cmov, cx8, fxsr, mmx, sse, sse2, sse3, ssse3, sse4.1, sse4.2, popcnt, avx, avx2, aes, clmul, erms, lzcnt, ht, tsc, tscinvbit, bmi1, bmi2

Memory: 4k page, physical 8388608k(2505224k free)

/proc/meminfo:


vm_info: Java HotSpot(TM) 64-Bit Server VM (25.20-b23) for bsd-amd64 JRE (1.8.0_20-b26), built on Jul 30 2014 13:37:47 by "java_re" with gcc 4.2.1 (Based on Apple Inc. build 5658) (LLVM build 2336.9.00)

time: Wed Mar 18 23:33:28 2015
elapsed time: 1693 seconds (0d 0h 28m 13s)

